<?xml version="1.0" encoding="UTF-8"?>
<testng-results ignored="0" total="1" passed="1" failed="0" skipped="0">
  <reporter-output>
  </reporter-output>
  <suite started-at="2020-08-16T10:35:27Z" name="TestNgMavenExampleSuite" finished-at="2020-08-16T10:36:59Z" duration-ms="92188">
    <groups>
    </groups>
    <test started-at="2020-08-16T10:35:27Z" name="TestNgMavenTest" finished-at="2020-08-16T10:36:59Z" duration-ms="92188">
      <class name="anotepad_testcase.LoginPageTestCases">
        <test-method is-config="true" signature="init()[pri:0, instance:anotepad_testcase.LoginPageTestCases@d35dea7]" started-at="2020-08-16T10:35:27Z" name="init" finished-at="2020-08-16T10:35:27Z" duration-ms="172" status="PASS">
          <reporter-output>
          </reporter-output>
        </test-method> <!-- init -->
        <test-method signature="loginAnotePadWithJombieAcount()[pri:0, instance:anotepad_testcase.LoginPageTestCases@d35dea7]" started-at="2020-08-16T10:35:28Z" name="loginAnotePadWithJombieAcount" finished-at="2020-08-16T10:36:44Z" duration-ms="76433" status="PASS">
          <reporter-output>
          </reporter-output>
        </test-method> <!-- loginAnotePadWithJombieAcount -->
        <test-method is-config="true" signature="closeWebpage()[pri:0, instance:anotepad_testcase.LoginPageTestCases@d35dea7]" started-at="2020-08-16T10:36:44Z" name="closeWebpage" finished-at="2020-08-16T10:36:59Z" duration-ms="15492" status="PASS">
          <reporter-output>
          </reporter-output>
        </test-method> <!-- closeWebpage -->
      </class> <!-- anotepad_testcase.LoginPageTestCases -->
    </test> <!-- TestNgMavenTest -->
  </suite> <!-- TestNgMavenExampleSuite -->
</testng-results>
